'data_path': /raid/users/oozdemir/data/BosphorusSign/ToyDataset
'desc_path': /raid/users/oozdemir/data/BosphorusSign/ToyDataset_fhd
'training_split_path': /raid/users/oozdemir/code/tm-shd-slr/data/splits/toydata/train.txt
'test_split_path': /raid/users/oozdemir/code/tm-shd-slr/data/splits/toydata/test.txt
'class_ind_path': /raid/users/oozdemir/code/tm-shd-slr/data/splits/toydata/class_indices.txt
'experiment_path': /raid/users/oozdemir/code/tm-shd-slr/experiments_2/fhd
'key_frames': None
'temporal_stride': None
'num_clusters': 8
'normalized': True
'crop_size': 140
'nbins': 8
'ncell': 35
'nblock': 4
'resize': False
Extracting descriptors from class: 6, video: 054_00157... 40.2964 seconds
Extracting descriptors from class: 6, video: 053_00152... 46.6275 seconds
Extracting descriptors from class: 6, video: 050_00141... 47.6481 seconds
Extracting descriptors from class: 6, video: 055_00164... 47.8878 seconds
Extracting descriptors from class: 6, video: 054_00160... 49.5530 seconds
Extracting descriptors from class: 6, video: 052_00149... 50.6486 seconds
Extracting descriptors from class: 6, video: 052_00148... 51.3666 seconds
Extracting descriptors from class: 6, video: 055_00165... 52.3592 seconds
Extracting descriptors from class: 6, video: 054_00161... 53.3626 seconds
Extracting descriptors from class: 6, video: 052_00145... 53.3985 seconds
Extracting descriptors from class: 6, video: 054_00162... 53.8275 seconds
Extracting descriptors from class: 6, video: 050_00143... 54.5282 seconds
Extracting descriptors from class: 6, video: 050_00142... 54.9789 seconds
Extracting descriptors from class: 6, video: 053_00156... 56.9218 seconds
Extracting descriptors from class: 6, video: 053_00154... 57.3742 seconds
Extracting descriptors from class: 6, video: 052_00147... 59.5708 seconds
Extracting descriptors from class: 6, video: 053_00155... 60.4748 seconds
Extracting descriptors from class: 6, video: 055_00166... 60.7778 seconds
Extracting descriptors from class: 6, video: 050_00144... 63.0429 seconds
Extracting descriptors from class: 6, video: 053_00151... 66.1086 seconds
Extracting descriptors from class: 6, video: 052_00146... 42.8986 seconds
Extracting descriptors from class: 6, video: 055_00163... 35.9516 seconds
Extracting descriptors from class: 6, video: 054_00159... 40.5077 seconds
Extracting descriptors from class: 6, video: 054_00158... 37.5720 seconds
Extracting descriptors from class: 6, video: 053_00153... 41.8996 seconds
Extracting descriptors from class: 6, video: 052_00150... 43.6249 seconds
Extracting descriptors from class: 11, video: 052_00257... 30.1107 seconds
Extracting descriptors from class: 11, video: 054_00266... 37.8391 seconds
Extracting descriptors from class: 11, video: 055_00272... 50.4832 seconds
Extracting descriptors from class: 11, video: 052_00255... 50.7565 seconds
Extracting descriptors from class: 11, video: 054_00269... 54.4910 seconds
Extracting descriptors from class: 11, video: 055_00274... 55.1789 seconds
Extracting descriptors from class: 11, video: 052_00256... 55.4641 seconds
Extracting descriptors from class: 11, video: 050_00250... 56.9069 seconds
Extracting descriptors from class: 11, video: 055_00273... 58.4249 seconds
Extracting descriptors from class: 11, video: 050_00248... 58.9237 seconds
Extracting descriptors from class: 11, video: 054_00268... 59.5125 seconds
Extracting descriptors from class: 11, video: 053_00260... 61.6372 seconds
Extracting descriptors from class: 11, video: 051_00253... 62.1088 seconds
Extracting descriptors from class: 11, video: 053_00262... 63.7634 seconds
Extracting descriptors from class: 11, video: 051_00252... 64.9930 seconds
Extracting descriptors from class: 11, video: 053_00263... 66.1467 seconds
Extracting descriptors from class: 11, video: 055_00276... 66.5747 seconds
Extracting descriptors from class: 11, video: 054_00271... 68.5126 seconds
Extracting descriptors from class: 11, video: 053_00264... 68.6060 seconds
Extracting descriptors from class: 11, video: 054_00267... 38.5685 seconds
Extracting descriptors from class: 11, video: 053_00265... 77.2995 seconds
Extracting descriptors from class: 11, video: 051_00254... 61.1498 seconds
Extracting descriptors from class: 11, video: 050_00246... 41.3120 seconds
Extracting descriptors from class: 11, video: 054_00270... 42.6876 seconds
Extracting descriptors from class: 11, video: 050_00247... 45.9716 seconds
Extracting descriptors from class: 11, video: 053_00261... 44.4279 seconds
Extracting descriptors from class: 11, video: 050_00249... 50.0369 seconds
Extracting descriptors from class: 11, video: 055_00275... 51.0537 seconds
Extracting descriptors from class: 11, video: 050_00251... 52.3803 seconds
Extracting descriptors from class: 11, video: 052_00259... 58.6451 seconds
Extracting descriptors from class: 11, video: 052_00258... 61.1900 seconds
Extracting descriptors from class: 14, video: 054_00298... 40.3519 seconds
Extracting descriptors from class: 14, video: 055_00304... 42.3313 seconds
Extracting descriptors from class: 14, video: 055_00306... 52.9389 seconds
Extracting descriptors from class: 14, video: 052_00286... 53.4768 seconds
Extracting descriptors from class: 14, video: 050_00278... 56.6088 seconds
Extracting descriptors from class: 14, video: 052_00289... 58.0727 seconds
Extracting descriptors from class: 14, video: 050_00279... 61.5520 seconds
Extracting descriptors from class: 14, video: 055_00307... 65.0983 seconds
Extracting descriptors from class: 14, video: 054_00301... 65.4907 seconds
Extracting descriptors from class: 14, video: 053_00292... 66.6832 seconds
Extracting descriptors from class: 14, video: 050_00282... 67.7875 seconds
Extracting descriptors from class: 14, video: 053_00293... 70.0548 seconds
Extracting descriptors from class: 14, video: 052_00288... 71.4482 seconds
Extracting descriptors from class: 14, video: 053_00294... 71.7336 seconds
Extracting descriptors from class: 14, video: 051_00283... 75.5914 seconds
Extracting descriptors from class: 14, video: 054_00303... 79.0084 seconds
Extracting descriptors from class: 14, video: 053_00297... 79.1021 seconds
Extracting descriptors from class: 14, video: 050_00281... 79.1153 seconds
Extracting descriptors from class: 14, video: 055_00305... 39.2168 seconds
Extracting descriptors from class: 14, video: 051_00285... 82.3845 seconds
Extracting descriptors from class: 14, video: 055_00308... 85.2166 seconds
Extracting descriptors from class: 14, video: 052_00290... 28.8461 seconds
Extracting descriptors from class: 14, video: 054_00302... 55.6118 seconds
Extracting descriptors from class: 14, video: 054_00299... 35.9921 seconds
Extracting descriptors from class: 14, video: 054_00300... 45.7631 seconds
Extracting descriptors from class: 14, video: 053_00291... 45.4213 seconds
Extracting descriptors from class: 14, video: 050_00277... 33.4607 seconds
Extracting descriptors from class: 14, video: 052_00287... 49.3187 seconds
Extracting descriptors from class: 14, video: 053_00295... 61.3256 seconds
Extracting descriptors from class: 14, video: 051_00284... 67.4537 seconds
Extracting descriptors from class: 14, video: 050_00280... 53.8112 seconds
Extracting descriptors from class: 14, video: 053_00296... 59.8634 seconds
Extracting descriptors from class: 5, video: 052_00322... 32.9484 seconds
Extracting descriptors from class: 5, video: 055_00336... 47.8918 seconds
Extracting descriptors from class: 5, video: 055_00339... 51.2604 seconds
Extracting descriptors from class: 5, video: 052_00318... 52.5111 seconds
Extracting descriptors from class: 5, video: 050_00310... 54.7695 seconds
Extracting descriptors from class: 5, video: 055_00338... 55.7337 seconds
Extracting descriptors from class: 5, video: 054_00332... 55.7696 seconds
Extracting descriptors from class: 5, video: 052_00319... 56.5416 seconds
Extracting descriptors from class: 5, video: 054_00331... 60.0412 seconds
Extracting descriptors from class: 5, video: 054_00334... 63.5090 seconds
Extracting descriptors from class: 5, video: 051_00317... 65.5447 seconds
Extracting descriptors from class: 5, video: 053_00325... 65.9897 seconds
Extracting descriptors from class: 5, video: 051_00316... 67.1598 seconds
Extracting descriptors from class: 5, video: 050_00312... 67.6948 seconds
Extracting descriptors from class: 5, video: 053_00327... 70.3464 seconds
Extracting descriptors from class: 5, video: 051_00315... 70.4808 seconds
Extracting descriptors from class: 5, video: 050_00314... 71.8800 seconds
Extracting descriptors from class: 5, video: 054_00333... 74.9555 seconds
Extracting descriptors from class: 5, video: 052_00321... 74.9750 seconds
Extracting descriptors from class: 5, video: 054_00335... 77.7251 seconds
Extracting descriptors from class: 5, video: 054_00330... 46.1487 seconds
Extracting descriptors from class: 5, video: 055_00337... 45.2281 seconds
Extracting descriptors from class: 5, video: 050_00309... 53.9402 seconds
Extracting descriptors from class: 5, video: 050_00311... 57.3561 seconds
Extracting descriptors from class: 5, video: 053_00326... 55.9667 seconds
Extracting descriptors from class: 5, video: 053_00324... 54.3483 seconds
Extracting descriptors from class: 5, video: 053_00328... 60.6768 seconds
Extracting descriptors from class: 5, video: 053_00323... 53.0031 seconds
Extracting descriptors from class: 5, video: 053_00329... 61.7652 seconds
Extracting descriptors from class: 5, video: 050_00313... 65.0261 seconds
Extracting descriptors from class: 5, video: 052_00320... 57.0139 seconds
Extracting descriptors from class: 2, video: 054_00359... 27.0979 seconds
Extracting descriptors from class: 2, video: 054_00361... 42.1589 seconds
Extracting descriptors from class: 2, video: 055_00367... 44.0851 seconds
Extracting descriptors from class: 2, video: 055_00366... 44.4738 seconds
Extracting descriptors from class: 2, video: 052_00348... 45.8545 seconds
Extracting descriptors from class: 2, video: 054_00364... 46.8659 seconds
Extracting descriptors from class: 2, video: 050_00341... 46.9590 seconds
Extracting descriptors from class: 2, video: 053_00353... 48.5398 seconds
Extracting descriptors from class: 2, video: 054_00362... 48.6134 seconds
Extracting descriptors from class: 2, video: 054_00363... 50.3438 seconds
Extracting descriptors from class: 2, video: 055_00369... 51.5308 seconds
Extracting descriptors from class: 2, video: 052_00349... 52.3423 seconds
Extracting descriptors from class: 2, video: 053_00354... 52.7404 seconds
Extracting descriptors from class: 2, video: 050_00343... 54.4720 seconds
Extracting descriptors from class: 2, video: 053_00355... 57.5846 seconds
Extracting descriptors from class: 2, video: 050_00345... 58.3165 seconds
Extracting descriptors from class: 2, video: 052_00350... 60.8477 seconds
Extracting descriptors from class: 2, video: 052_00352... 61.2407 seconds
Extracting descriptors from class: 2, video: 053_00356... 64.8162 seconds
Extracting descriptors from class: 2, video: 050_00342... 46.1767 seconds
Extracting descriptors from class: 2, video: 052_00351... 74.6480 seconds
Extracting descriptors from class: 2, video: 050_00340... 35.2759 seconds
Extracting descriptors from class: 2, video: 054_00360... 35.0634 seconds
Extracting descriptors from class: 2, video: 055_00368... 41.5479 seconds
Extracting descriptors from class: 2, video: 051_00346... 46.5317 seconds
Extracting descriptors from class: 2, video: 050_00344... 47.4327 seconds
Extracting descriptors from class: 2, video: 054_00365... 48.2594 seconds
Extracting descriptors from class: 2, video: 053_00358... 61.4644 seconds
Extracting descriptors from class: 2, video: 051_00347... 58.7962 seconds
Extracting descriptors from class: 2, video: 053_00357... 60.8317 seconds
Extracting descriptors from class: 3, video: 055_00396... 54.5170 seconds
Extracting descriptors from class: 3, video: 054_00390... 55.8119 seconds
Extracting descriptors from class: 3, video: 054_00393... 56.3622 seconds
Extracting descriptors from class: 3, video: 055_00397... 57.7025 seconds
Extracting descriptors from class: 3, video: 054_00391... 59.3438 seconds
Extracting descriptors from class: 3, video: 054_00394... 59.3429 seconds
Extracting descriptors from class: 3, video: 054_00392... 61.1286 seconds
Extracting descriptors from class: 3, video: 053_00384... 62.5392 seconds
Extracting descriptors from class: 3, video: 055_00398... 68.3634 seconds
Extracting descriptors from class: 3, video: 055_00399... 68.9533 seconds
Extracting descriptors from class: 3, video: 051_00376... 70.7326 seconds
Extracting descriptors from class: 3, video: 050_00370... 72.3745 seconds
Extracting descriptors from class: 3, video: 054_00395... 74.7699 seconds
Extracting descriptors from class: 3, video: 050_00374... 77.6360 seconds
Extracting descriptors from class: 3, video: 052_00380... 80.3394 seconds
Extracting descriptors from class: 3, video: 052_00379... 80.5609 seconds
Extracting descriptors from class: 3, video: 052_00382... 81.3962 seconds
Extracting descriptors from class: 3, video: 053_00387... 84.1306 seconds
Extracting descriptors from class: 3, video: 053_00389... 85.8281 seconds
Extracting descriptors from class: 3, video: 050_00375... 86.4643 seconds
Extracting descriptors from class: 3, video: 050_00372... 53.7036 seconds
Extracting descriptors from class: 3, video: 050_00371... 49.9162 seconds
Extracting descriptors from class: 3, video: 053_00385... 53.3003 seconds
Extracting descriptors from class: 3, video: 052_00378... 57.6396 seconds
Extracting descriptors from class: 3, video: 053_00383... 58.7377 seconds
Extracting descriptors from class: 3, video: 053_00386... 61.7345 seconds
Extracting descriptors from class: 3, video: 050_00373... 64.4923 seconds
Extracting descriptors from class: 3, video: 053_00388... 58.2007 seconds
Extracting descriptors from class: 3, video: 052_00381... 76.9633 seconds
Extracting descriptors from class: 3, video: 051_00377... 73.0630 seconds
Extracting descriptors from class: 8, video: 053_00211... 47.6448 seconds
Extracting descriptors from class: 8, video: 052_00192... 50.3202 seconds
Extracting descriptors from class: 8, video: 054_00218... 53.7898 seconds
Extracting descriptors from class: 8, video: 055_00237... 55.9883 seconds
Extracting descriptors from class: 8, video: 054_00222... 56.7207 seconds
Extracting descriptors from class: 8, video: 053_00216... 57.1609 seconds
Extracting descriptors from class: 8, video: 052_00195... 60.4787 seconds
Extracting descriptors from class: 8, video: 053_00210... 60.8822 seconds
Extracting descriptors from class: 8, video: 053_00203... 60.9664 seconds
Extracting descriptors from class: 8, video: 053_00205... 62.8168 seconds
Extracting descriptors from class: 8, video: 053_00200... 65.8803 seconds
Extracting descriptors from class: 8, video: 052_00180... 68.1936 seconds
Extracting descriptors from class: 8, video: 054_00230... 70.8115 seconds
Extracting descriptors from class: 8, video: 050_00176... 72.1088 seconds
Extracting descriptors from class: 8, video: 052_00181... 72.8278 seconds
Extracting descriptors from class: 8, video: 053_00208... 77.9471 seconds
Extracting descriptors from class: 8, video: 053_00201... 78.5565 seconds
Extracting descriptors from class: 8, video: 054_00221... 79.4778 seconds
Extracting descriptors from class: 8, video: 052_00188... 87.6606 seconds
Extracting descriptors from class: 8, video: 052_00183... 87.8762 seconds
Extracting descriptors from class: 8, video: 052_00194... 60.4064 seconds
Extracting descriptors from class: 8, video: 053_00198... 55.1013 seconds
Extracting descriptors from class: 8, video: 050_00169... 60.9266 seconds
Extracting descriptors from class: 8, video: 052_00196... 55.6690 seconds
Extracting descriptors from class: 8, video: 054_00235... 42.8862 seconds
Extracting descriptors from class: 8, video: 050_00175... 59.9641 seconds
Extracting descriptors from class: 8, video: 050_00167... 65.4736 seconds
Extracting descriptors from class: 8, video: 050_00174... 69.2421 seconds
Extracting descriptors from class: 8, video: 055_00242... 56.8400 seconds
Extracting descriptors from class: 8, video: 053_00215... 72.4032 seconds
Extracting descriptors from class: 8, video: 054_00228... 73.3268 seconds
Extracting descriptors from class: 8, video: 054_00227... 56.9042 seconds
Extracting descriptors from class: 8, video: 054_00220... 73.9293 seconds
Extracting descriptors from class: 8, video: 053_00207... 60.9141 seconds
Extracting descriptors from class: 8, video: 052_00186... 75.6420 seconds
Extracting descriptors from class: 8, video: 052_00184... 69.3403 seconds
Extracting descriptors from class: 8, video: 053_00202... 76.5486 seconds
Extracting descriptors from class: 8, video: 055_00238... 65.4199 seconds
Extracting descriptors from class: 8, video: 055_00239... 57.4644 seconds
Extracting descriptors from class: 8, video: 054_00236... 48.9999 seconds
Extracting descriptors from class: 8, video: 055_00240... 58.3824 seconds
Extracting descriptors from class: 8, video: 053_00214... 84.8592 seconds
Extracting descriptors from class: 8, video: 050_00173... 42.8747 seconds
Extracting descriptors from class: 8, video: 050_00178... 52.4594 seconds
Extracting descriptors from class: 8, video: 053_00199... 67.4947 seconds
Extracting descriptors from class: 8, video: 053_00217... 71.0195 seconds
Extracting descriptors from class: 8, video: 050_00170... 60.0024 seconds
Extracting descriptors from class: 8, video: 053_00204... 74.9295 seconds
Extracting descriptors from class: 8, video: 052_00193... 49.1721 seconds
Extracting descriptors from class: 8, video: 054_00232... 47.6123 seconds
Extracting descriptors from class: 8, video: 054_00224... 53.7704 seconds
Extracting descriptors from class: 8, video: 052_00189... 58.0233 seconds
Extracting descriptors from class: 8, video: 053_00197... 63.9754 seconds
Extracting descriptors from class: 8, video: 054_00226... 56.3998 seconds
Extracting descriptors from class: 8, video: 054_00223... 57.7717 seconds
Extracting descriptors from class: 8, video: 050_00168... 60.9426 seconds
Extracting descriptors from class: 8, video: 053_00212... 79.4561 seconds
Extracting descriptors from class: 8, video: 053_00213... 83.0123 seconds
Extracting descriptors from class: 8, video: 053_00206... 71.4357 seconds
Extracting descriptors from class: 8, video: 054_00233... 49.3996 seconds
Extracting descriptors from class: 8, video: 054_00225... 44.6481 seconds
Extracting descriptors from class: 8, video: 052_00191... 61.8977 seconds
Extracting descriptors from class: 8, video: 054_00231... 42.3115 seconds
Extracting descriptors from class: 8, video: 052_00179... 55.6769 seconds
Extracting descriptors from class: 8, video: 050_00177... 60.0651 seconds
Extracting descriptors from class: 8, video: 054_00219... 72.2779 seconds
Extracting descriptors from class: 8, video: 054_00234... 62.3057 seconds
Extracting descriptors from class: 8, video: 054_00229... 52.7197 seconds
Extracting descriptors from class: 8, video: 052_00187... 65.2833 seconds
Extracting descriptors from class: 8, video: 055_00244... 65.7849 seconds
Extracting descriptors from class: 8, video: 050_00171... 52.7755 seconds
Extracting descriptors from class: 8, video: 055_00245... 63.0774 seconds
Extracting descriptors from class: 8, video: 053_00209... 62.3334 seconds
Extracting descriptors from class: 8, video: 055_00241... 57.4532 seconds
Extracting descriptors from class: 8, video: 055_00243... 52.9546 seconds
Extracting descriptors from class: 8, video: 052_00190... 52.8595 seconds
Extracting descriptors from class: 8, video: 052_00182... 78.8360 seconds
Extracting descriptors from class: 8, video: 050_00172... 54.0659 seconds
Extracting descriptors from class: 8, video: 052_00185... 69.8802 seconds
Extracting descriptors from class: 12, video: 054_00118... 43.1716 seconds
Extracting descriptors from class: 12, video: 052_00092... 43.2003 seconds
Extracting descriptors from class: 12, video: 054_00126... 44.9528 seconds
Extracting descriptors from class: 12, video: 053_00094... 46.7421 seconds
Extracting descriptors from class: 12, video: 054_00125... 47.8042 seconds
Extracting descriptors from class: 12, video: 050_00064... 49.4106 seconds
Extracting descriptors from class: 12, video: 054_00131... 52.2651 seconds
Extracting descriptors from class: 12, video: 053_00102... 54.0709 seconds
Extracting descriptors from class: 12, video: 055_00135... 54.2117 seconds
Extracting descriptors from class: 12, video: 050_00069... 57.3989 seconds
Extracting descriptors from class: 12, video: 054_00129... 58.3212 seconds
Extracting descriptors from class: 12, video: 055_00137... 58.4433 seconds
Extracting descriptors from class: 12, video: 053_00109... 59.7030 seconds
Extracting descriptors from class: 12, video: 050_00071... 60.2359 seconds
Extracting descriptors from class: 12, video: 053_00112... 60.8001 seconds
Extracting descriptors from class: 12, video: 050_00074... 60.9492 seconds
Extracting descriptors from class: 12, video: 053_00113... 61.2938 seconds
Extracting descriptors from class: 12, video: 050_00073... 69.9006 seconds
Extracting descriptors from class: 12, video: 053_00099... 75.0278 seconds
Extracting descriptors from class: 12, video: 054_00123... 76.5627 seconds
Extracting descriptors from class: 12, video: 054_00120... 40.9808 seconds
Extracting descriptors from class: 12, video: 053_00093... 41.9205 seconds
Extracting descriptors from class: 12, video: 052_00082... 52.0337 seconds
Extracting descriptors from class: 12, video: 054_00127... 40.1626 seconds
Extracting descriptors from class: 12, video: 053_00104... 66.3115 seconds
Extracting descriptors from class: 12, video: 054_00117... 50.3254 seconds
Extracting descriptors from class: 12, video: 054_00128... 68.1416 seconds
Extracting descriptors from class: 12, video: 052_00086... 38.1777 seconds
Extracting descriptors from class: 12, video: 053_00103... 55.5552 seconds
Extracting descriptors from class: 12, video: 054_00124... 54.4618 seconds
Extracting descriptors from class: 12, video: 053_00095... 66.2777 seconds
Extracting descriptors from class: 12, video: 052_00081... 69.5661 seconds
Extracting descriptors from class: 12, video: 050_00063... 57.7497 seconds
Extracting descriptors from class: 12, video: 055_00138... 61.2596 seconds
Extracting descriptors from class: 12, video: 053_00106... 60.2640 seconds
Extracting descriptors from class: 12, video: 052_00091... 49.0942 seconds
Extracting descriptors from class: 12, video: 053_00107... 58.8135 seconds
Extracting descriptors from class: 12, video: 053_00108... 67.9450 seconds
Extracting descriptors from class: 12, video: 052_00077... 79.0483 seconds
Extracting descriptors from class: 12, video: 050_00067... 51.1525 seconds
Extracting descriptors from class: 12, video: 055_00132... 49.2933 seconds
Extracting descriptors from class: 12, video: 054_00119... 39.9435 seconds
Extracting descriptors from class: 12, video: 052_00089... 55.1910 seconds
Extracting descriptors from class: 12, video: 052_00084... 60.8526 seconds
Extracting descriptors from class: 12, video: 054_00121... 39.3223 seconds
Extracting descriptors from class: 12, video: 055_00139... 59.4559 seconds
Extracting descriptors from class: 12, video: 052_00087... 43.9671 seconds
Extracting descriptors from class: 12, video: 054_00130... 46.5398 seconds
Extracting descriptors from class: 12, video: 050_00065... 47.9923 seconds
Extracting descriptors from class: 12, video: 055_00136... 52.0486 seconds
Extracting descriptors from class: 12, video: 052_00080... 57.1787 seconds
Extracting descriptors from class: 12, video: 053_00097... 54.7440 seconds
Extracting descriptors from class: 12, video: 052_00075... 57.2578 seconds
Extracting descriptors from class: 12, video: 053_00111... 60.2264 seconds
Extracting descriptors from class: 12, video: 053_00096... 57.5936 seconds
Extracting descriptors from class: 12, video: 050_00066... 65.2366 seconds
Extracting descriptors from class: 12, video: 055_00140... 70.6697 seconds
Extracting descriptors from class: 12, video: 052_00076... 72.8185 seconds
Extracting descriptors from class: 12, video: 054_00115... 57.1290 seconds
Extracting descriptors from class: 12, video: 050_00068... 65.5490 seconds
Extracting descriptors from class: 12, video: 054_00114... 38.2222 seconds
Extracting descriptors from class: 12, video: 052_00083... 49.6030 seconds
Extracting descriptors from class: 12, video: 054_00122... 44.7281 seconds
Extracting descriptors from class: 12, video: 053_00098... 56.1901 seconds
Extracting descriptors from class: 12, video: 054_00116... 46.0011 seconds
Extracting descriptors from class: 12, video: 052_00079... 57.2322 seconds
Extracting descriptors from class: 12, video: 050_00070... 43.1059 seconds
Extracting descriptors from class: 12, video: 053_00101... 48.4516 seconds
Extracting descriptors from class: 12, video: 052_00088... 38.6411 seconds
Extracting descriptors from class: 12, video: 055_00134... 47.6071 seconds
Extracting descriptors from class: 12, video: 052_00090... 48.9339 seconds
Extracting descriptors from class: 12, video: 050_00072... 71.0971 seconds
Extracting descriptors from class: 12, video: 055_00133... 51.2692 seconds
Extracting descriptors from class: 12, video: 053_00105... 51.9750 seconds
Extracting descriptors from class: 12, video: 053_00110... 52.7639 seconds
Extracting descriptors from class: 12, video: 053_00100... 49.3166 seconds
Extracting descriptors from class: 12, video: 052_00085... 48.3150 seconds
Extracting descriptors from class: 12, video: 052_00078... 68.5281 seconds
Extracting descriptors from class: 1, video: 054_00054... 41.8342 seconds
Extracting descriptors from class: 1, video: 050_00036... 45.8957 seconds
Extracting descriptors from class: 1, video: 053_00047... 46.3018 seconds
Extracting descriptors from class: 1, video: 054_00055... 46.4628 seconds
Extracting descriptors from class: 1, video: 050_00037... 46.5831 seconds
Extracting descriptors from class: 1, video: 052_00044... 47.1807 seconds
Extracting descriptors from class: 1, video: 052_00045... 48.1240 seconds
Extracting descriptors from class: 1, video: 053_00048... 48.3593 seconds
Extracting descriptors from class: 1, video: 054_00056... 49.9887 seconds
Extracting descriptors from class: 1, video: 055_00060... 50.5627 seconds
Extracting descriptors from class: 1, video: 053_00049... 50.7470 seconds
Extracting descriptors from class: 1, video: 053_00050... 52.5231 seconds
Extracting descriptors from class: 1, video: 053_00051... 53.1231 seconds
Extracting descriptors from class: 1, video: 055_00061... 53.3995 seconds
Extracting descriptors from class: 1, video: 052_00040... 56.5408 seconds
Extracting descriptors from class: 1, video: 053_00046... 58.6937 seconds
Extracting descriptors from class: 1, video: 054_00059... 59.1727 seconds
Extracting descriptors from class: 1, video: 054_00058... 62.9208 seconds
Extracting descriptors from class: 1, video: 053_00052... 64.3720 seconds
Extracting descriptors from class: 1, video: 052_00042... 71.1162 seconds
Extracting descriptors from class: 1, video: 054_00053... 28.9949 seconds
Extracting descriptors from class: 1, video: 052_00043... 38.5856 seconds
Extracting descriptors from class: 1, video: 054_00057... 42.8591 seconds
Extracting descriptors from class: 1, video: 050_00039... 50.9521 seconds
Extracting descriptors from class: 1, video: 052_00041... 47.7044 seconds
Extracting descriptors from class: 1, video: 050_00038... 47.4374 seconds
Extracting descriptors from class: 1, video: 055_00062... 49.8999 seconds
Extracting descriptors from class: 7, video: 055_00032... 52.9575 seconds
Extracting descriptors from class: 7, video: 052_00015... 53.5045 seconds
Extracting descriptors from class: 7, video: 050_00002... 54.5057 seconds
Extracting descriptors from class: 7, video: 054_00027... 57.0175 seconds
Extracting descriptors from class: 7, video: 052_00018... 57.4837 seconds
Extracting descriptors from class: 7, video: 053_00020... 58.7842 seconds
Extracting descriptors from class: 7, video: 050_00003... 59.5427 seconds
Extracting descriptors from class: 7, video: 052_00017... 60.0030 seconds
Extracting descriptors from class: 7, video: 051_00009... 60.6180 seconds
Extracting descriptors from class: 7, video: 052_00016... 62.5254 seconds
Extracting descriptors from class: 7, video: 050_00006... 62.9246 seconds
Extracting descriptors from class: 7, video: 051_00010... 63.0791 seconds
Extracting descriptors from class: 7, video: 051_00013... 64.0040 seconds
Extracting descriptors from class: 7, video: 053_00021... 64.2651 seconds
Extracting descriptors from class: 7, video: 050_00004... 65.0563 seconds
Extracting descriptors from class: 7, video: 054_00029... 66.6655 seconds
Extracting descriptors from class: 7, video: 054_00028... 69.6546 seconds
Extracting descriptors from class: 7, video: 053_00025... 75.7455 seconds
Extracting descriptors from class: 7, video: 053_00023... 75.7796 seconds
Extracting descriptors from class: 7, video: 054_00031... 76.9271 seconds
Extracting descriptors from class: 7, video: 052_00014... 50.0933 seconds
Extracting descriptors from class: 7, video: 051_00011... 55.9895 seconds
Extracting descriptors from class: 7, video: 051_00008... 49.2275 seconds
Extracting descriptors from class: 7, video: 055_00033... 45.6992 seconds
Extracting descriptors from class: 7, video: 054_00026... 50.8401 seconds
Extracting descriptors from class: 7, video: 055_00034... 47.4929 seconds
Extracting descriptors from class: 7, video: 050_00001... 45.6081 seconds
Extracting descriptors from class: 7, video: 051_00012... 58.6409 seconds
Extracting descriptors from class: 7, video: 052_00019... 57.8132 seconds
Extracting descriptors from class: 7, video: 055_00035... 53.8553 seconds
Extracting descriptors from class: 7, video: 050_00007... 61.7942 seconds
Extracting descriptors from class: 7, video: 050_00005... 59.7953 seconds
Extracting descriptors from class: 7, video: 053_00024... 67.7307 seconds
Extracting descriptors from class: 7, video: 054_00030... 59.5061 seconds
Extracting descriptors from class: 7, video: 053_00022... 61.4304 seconds
Finished...
