'data_path': /raid/users/oozdemir/data/BosphorusSign/General_fhd
'desc_path': /raid/users/oozdemir/data/BosphorusSign/General_fhd
'training_split_path': /raid/users/oozdemir/code/tm-shd-slr/data/splits/general/train.txt
'test_split_path': /raid/users/oozdemir/code/tm-shd-slr/data/splits/general/test.txt
'class_ind_path': /raid/users/oozdemir/code/tm-shd-slr/data/splits/general/class_indices.txt
'experiment_path': /raid/users/oozdemir/code/tm-shd-slr/experiments_2/fhd_general_temporal
'key_frames': None
'temporal_stride': 3
'num_clusters': 64
'normalized': False
'crop_size': 80
'nbins': 8
'ncell': 40
'nblock': 2
'resize': False
PCA and GMM models are not exists for hog, generating... 40.2252 seconds
Generating Training Fisher Vectors for hog... 3.8875 seconds
Generating Test Fisher Vectors for hog... 0.5897 seconds
/raid/users/oozdemir/code/tm-shd-slr/experiments_2/fhd_general_temporal/fhd_cp80_nc40_nbl2_nbin8_nt3/train_fhd_dict files are exists, skipping ...
PCA and GMM models are not exists for hof, generating... 232.3567 seconds
Generating Training Fisher Vectors for hof... 8.5931 seconds
/raid/users/oozdemir/code/tm-shd-slr/experiments_2/fhd_general_temporal/fhd_cp80_nc40_nbl2_nbin8_nt3/test_fhd_dict files are exists, skipping ...
Generating Test Fisher Vectors for hof... 1.2826 seconds
/raid/users/oozdemir/code/tm-shd-slr/experiments_2/fhd_general_temporal/fhd_cp80_nc40_nbl2_nbin8_nt3/train_fhd_dict files are exists, skipping ...
PCA and GMM models are not exists for mbh, generating... 41.5631 seconds
Generating Training Fisher Vectors for mbh... 5.5887 seconds
/raid/users/oozdemir/code/tm-shd-slr/experiments_2/fhd_general_temporal/fhd_cp80_nc40_nbl2_nbin8_nt3/test_fhd_dict files are exists, skipping ...
Generating Test Fisher Vectors for mbh... 0.8314 seconds
Finished...
