'data_path': /raid/users/oozdemir/data/BosphorusSign/General_fhd
'desc_path': /raid/users/oozdemir/data/BosphorusSign/General_fhd
'training_split_path': /raid/users/oozdemir/code/tm-shd-slr/data/splits/general/train.txt
'test_split_path': /raid/users/oozdemir/code/tm-shd-slr/data/splits/general/test.txt
'class_ind_path': /raid/users/oozdemir/code/tm-shd-slr/data/splits/general/class_indices.txt
'experiment_path': /raid/users/oozdemir/code/tm-shd-slr/experiments_2/fhd_general_temporal
'key_frames': None
'temporal_stride': 5
'num_clusters': 64
'normalized': False
'crop_size': 80
'nbins': 8
'ncell': 40
'nblock': 2
'resize': False
PCA and GMM models are not exists for hog, generating... 28.7971 seconds
Generating Training Fisher Vectors for hog... 3.1463 seconds
Generating Test Fisher Vectors for hog... 0.6480 seconds
/raid/users/oozdemir/code/tm-shd-slr/experiments_2/fhd_general_temporal/fhd_cp80_nc40_nbl2_nbin8_nt5/train_fhd_dict files are exists, skipping ...
PCA and GMM models are not exists for hof, generating... 85.9808 seconds
Generating Training Fisher Vectors for hof... 2.8003 seconds
/raid/users/oozdemir/code/tm-shd-slr/experiments_2/fhd_general_temporal/fhd_cp80_nc40_nbl2_nbin8_nt5/test_fhd_dict files are exists, skipping ...
Generating Test Fisher Vectors for hof... 0.4508 seconds
/raid/users/oozdemir/code/tm-shd-slr/experiments_2/fhd_general_temporal/fhd_cp80_nc40_nbl2_nbin8_nt5/train_fhd_dict files are exists, skipping ...
PCA and GMM models are not exists for mbh, generating... 32.3744 seconds
Generating Training Fisher Vectors for mbh... 6.1008 seconds
/raid/users/oozdemir/code/tm-shd-slr/experiments_2/fhd_general_temporal/fhd_cp80_nc40_nbl2_nbin8_nt5/test_fhd_dict files are exists, skipping ...
Generating Test Fisher Vectors for mbh... 0.8276 seconds
Finished...
