'data_path': /raid/users/oozdemir/data/BosphorusSign/General_fhd
'desc_path': /raid/users/oozdemir/data/BosphorusSign/General_fhd
'training_split_path': /raid/users/oozdemir/code/tm-shd-slr/data/splits/general/train-copy.txt
'test_split_path': /raid/users/oozdemir/code/tm-shd-slr/data/splits/general/test-copy.txt
'class_ind_path': /raid/users/oozdemir/code/tm-shd-slr/data/splits/general/class_indices-copy.txt
'experiment_path': /raid/users/oozdemir/code/tm-shd-slr/experiments_2/fhd_general_inconsistent
'key_frames': None
'num_clusters': 64
'normalized': False
'crop_size': 80
'nbins': 8
'ncell': 40
'nblock': 2
'resize': False
PCA and GMM models are not exists for hog, generating... 277.5338 seconds
Generating Training Fisher Vectors for hog... 4.3287 seconds
Generating Test Fisher Vectors for hog... 1.0259 seconds
/raid/users/oozdemir/code/tm-shd-slr/experiments_2/fhd_general_inconsistent/fhd_cp80_nc40_nbl2_nbin8/train_fhd_dict files are exists, skipping ...
PCA and GMM models are not exists for hof, generating... 424.7155 seconds
Generating Training Fisher Vectors for hof... 5.2317 seconds
/raid/users/oozdemir/code/tm-shd-slr/experiments_2/fhd_general_inconsistent/fhd_cp80_nc40_nbl2_nbin8/test_fhd_dict files are exists, skipping ...
Generating Test Fisher Vectors for hof... 1.0847 seconds
/raid/users/oozdemir/code/tm-shd-slr/experiments_2/fhd_general_inconsistent/fhd_cp80_nc40_nbl2_nbin8/train_fhd_dict files are exists, skipping ...
PCA and GMM models are not exists for mbh, generating... 81.7899 seconds
Generating Training Fisher Vectors for mbh... 9.9900 seconds
/raid/users/oozdemir/code/tm-shd-slr/experiments_2/fhd_general_inconsistent/fhd_cp80_nc40_nbl2_nbin8/test_fhd_dict files are exists, skipping ...
Generating Test Fisher Vectors for mbh... 1.9283 seconds
Finished...
