'data_path': /raid/users/oozdemir/data/BosphorusSign/General_fhd
'desc_path': /raid/users/oozdemir/data/BosphorusSign/General_fhd
'training_split_path': /raid/users/oozdemir/code/tm-shd-slr/data/splits/general/train.txt
'test_split_path': /raid/users/oozdemir/code/tm-shd-slr/data/splits/general/test.txt
'class_ind_path': /raid/users/oozdemir/code/tm-shd-slr/data/splits/general/class_indices.txt
'experiment_path': /raid/users/oozdemir/code/tm-shd-slr/experiments_2/fhd_general
'key_frames': None
'temporal_stride': None
'num_clusters': 64
'normalized': False
'crop_size': 80
'nbins': 8
'ncell': 40
'nblock': 2
'resize': False
/raid/users/oozdemir/code/tm-shd-slr/experiments_2/fhd_general/fhd_cp80_nc40_nbl2_nbin8/train_fhd_dict files are exists, skipping ...
PCA and GMM models are not exists for hog, generating... 330.6477 seconds
Generating Training Fisher Vectors for hog... 7.4512 seconds
/raid/users/oozdemir/code/tm-shd-slr/experiments_2/fhd_general/fhd_cp80_nc40_nbl2_nbin8/test_fhd_dict files are exists, skipping ...
Generating Test Fisher Vectors for hog... 1.4937 seconds
/raid/users/oozdemir/code/tm-shd-slr/experiments_2/fhd_general/fhd_cp80_nc40_nbl2_nbin8/train_fhd_dict files are exists, skipping ...
PCA and GMM models are not exists for hof, generating... 549.2149 seconds
Generating Training Fisher Vectors for hof... 3.7816 seconds
/raid/users/oozdemir/code/tm-shd-slr/experiments_2/fhd_general/fhd_cp80_nc40_nbl2_nbin8/test_fhd_dict files are exists, skipping ...
Generating Test Fisher Vectors for hof... 0.7010 seconds
/raid/users/oozdemir/code/tm-shd-slr/experiments_2/fhd_general/fhd_cp80_nc40_nbl2_nbin8/train_fhd_dict files are exists, skipping ...
PCA and GMM models are not exists for mbh, generating... 89.8591 seconds
Generating Training Fisher Vectors for mbh... 7.9428 seconds
/raid/users/oozdemir/code/tm-shd-slr/experiments_2/fhd_general/fhd_cp80_nc40_nbl2_nbin8/test_fhd_dict files are exists, skipping ...
Generating Test Fisher Vectors for mbh... 1.2385 seconds
Finished...
