'data_path': /raid/users/oozdemir/data/BosphorusSign/General_fhd
'desc_path': /raid/users/oozdemir/data/BosphorusSign/General_fhd
'training_split_path': /raid/users/oozdemir/code/tm-shd-slr/data/splits/general/train.txt
'test_split_path': /raid/users/oozdemir/code/tm-shd-slr/data/splits/general/test.txt
'class_ind_path': /raid/users/oozdemir/code/tm-shd-slr/data/splits/general/class_indices.txt
'experiment_path': /raid/users/oozdemir/code/tm-shd-slr/experiments_2/fhd_general
'key_frames': None
'temporal_stride': None
'num_clusters': 8
'normalized': False
'crop_size': 80
'nbins': 8
'ncell': 40
'nblock': 2
'resize': False
PCA and GMM models are not exists for hog, generating... 19.0487 seconds
Generating Training Fisher Vectors for hog... 1.3200 seconds
Generating Test Fisher Vectors for hog... 0.2661 seconds
/raid/users/oozdemir/code/tm-shd-slr/experiments_2/fhd_general/fhd_cp80_nc40_nbl2_nbin8/train_fhd_dict files are exists, skipping ...
PCA and GMM models are not exists for hof, generating... 20.9698 seconds
Generating Training Fisher Vectors for hof... 1.4406 seconds
/raid/users/oozdemir/code/tm-shd-slr/experiments_2/fhd_general/fhd_cp80_nc40_nbl2_nbin8/test_fhd_dict files are exists, skipping ...
Generating Test Fisher Vectors for hof... 0.2753 seconds
/raid/users/oozdemir/code/tm-shd-slr/experiments_2/fhd_general/fhd_cp80_nc40_nbl2_nbin8/train_fhd_dict files are exists, skipping ...
PCA and GMM models are not exists for mbh, generating... 20.6757 seconds
Generating Training Fisher Vectors for mbh... 2.6025 seconds
/raid/users/oozdemir/code/tm-shd-slr/experiments_2/fhd_general/fhd_cp80_nc40_nbl2_nbin8/test_fhd_dict files are exists, skipping ...
Generating Test Fisher Vectors for mbh... 0.5020 seconds
Finished...
