'data_path': /raid/users/oozdemir/data/BosphorusSign/ToyDataset
'desc_path': /raid/users/oozdemir/data/BosphorusSign/ToyDataset_fhd
'training_split_path': /raid/users/oozdemir/code/tm-shd-slr/data/splits/toydata/train.txt
'test_split_path': /raid/users/oozdemir/code/tm-shd-slr/data/splits/toydata/test.txt
'class_ind_path': /raid/users/oozdemir/code/tm-shd-slr/data/splits/toydata/class_indices.txt
'experiment_path': /raid/users/oozdemir/code/tm-shd-slr/experiments_2/fhd
'key_frames': None
'temporal_stride': None
'num_clusters': 8
'normalized': False
'crop_size': 140
'nbins': 8
'ncell': 70
'nblock': 2
'resize': False
Extracting descriptors from class: 6, video: 054_00157... 37.8866 seconds
Extracting descriptors from class: 6, video: 053_00152... 47.2823 seconds
Extracting descriptors from class: 6, video: 054_00160... 48.1254 seconds
Extracting descriptors from class: 6, video: 055_00164... 49.1158 seconds
Extracting descriptors from class: 6, video: 052_00149... 49.4474 seconds
Extracting descriptors from class: 6, video: 052_00148... 49.5515 seconds
Extracting descriptors from class: 6, video: 050_00141... 49.9159 seconds
Extracting descriptors from class: 6, video: 055_00165... 55.1192 seconds
Extracting descriptors from class: 6, video: 054_00161... 55.2982 seconds
Extracting descriptors from class: 6, video: 050_00143... 55.6115 seconds
Extracting descriptors from class: 6, video: 050_00142... 55.8156 seconds
Extracting descriptors from class: 6, video: 054_00162... 56.2225 seconds
Extracting descriptors from class: 6, video: 052_00145... 56.5201 seconds
Extracting descriptors from class: 6, video: 053_00154... 57.8929 seconds
Extracting descriptors from class: 6, video: 053_00156... 58.9694 seconds
Extracting descriptors from class: 6, video: 053_00155... 59.5920 seconds
Extracting descriptors from class: 6, video: 055_00166... 62.2539 seconds
Extracting descriptors from class: 6, video: 052_00147... 62.5509 seconds
Extracting descriptors from class: 6, video: 053_00151... 63.8661 seconds
Extracting descriptors from class: 6, video: 050_00144... 65.2505 seconds
Extracting descriptors from class: 6, video: 052_00146... 42.1578 seconds
Extracting descriptors from class: 6, video: 055_00163... 34.6429 seconds
Extracting descriptors from class: 6, video: 054_00158... 37.2679 seconds
Extracting descriptors from class: 6, video: 054_00159... 39.7237 seconds
Extracting descriptors from class: 6, video: 053_00153... 40.9686 seconds
Extracting descriptors from class: 6, video: 052_00150... 41.9930 seconds
Extracting descriptors from class: 11, video: 052_00257... 30.2460 seconds
Extracting descriptors from class: 11, video: 054_00266... 36.1641 seconds
Extracting descriptors from class: 11, video: 052_00255... 48.9079 seconds
Extracting descriptors from class: 11, video: 055_00272... 51.0277 seconds
Extracting descriptors from class: 11, video: 054_00269... 54.7006 seconds
Extracting descriptors from class: 11, video: 055_00274... 55.2379 seconds
Extracting descriptors from class: 11, video: 052_00256... 55.4602 seconds
Extracting descriptors from class: 11, video: 055_00273... 56.3694 seconds
Extracting descriptors from class: 11, video: 050_00248... 57.1421 seconds
Extracting descriptors from class: 11, video: 050_00250... 57.1745 seconds
Extracting descriptors from class: 11, video: 053_00260... 61.1042 seconds
Extracting descriptors from class: 11, video: 054_00268... 61.3235 seconds
Extracting descriptors from class: 11, video: 051_00252... 63.3255 seconds
Extracting descriptors from class: 11, video: 053_00262... 63.9099 seconds
Extracting descriptors from class: 11, video: 051_00253... 65.4436 seconds
Extracting descriptors from class: 11, video: 053_00264... 65.6932 seconds
Extracting descriptors from class: 11, video: 053_00263... 66.7143 seconds
Extracting descriptors from class: 11, video: 055_00276... 68.2363 seconds
Extracting descriptors from class: 11, video: 054_00271... 69.1005 seconds
Extracting descriptors from class: 11, video: 054_00267... 37.7270 seconds
Extracting descriptors from class: 11, video: 053_00265... 76.8330 seconds
Extracting descriptors from class: 11, video: 051_00254... 61.7943 seconds
Extracting descriptors from class: 11, video: 050_00246... 38.7930 seconds
Extracting descriptors from class: 11, video: 054_00270... 42.2272 seconds
Extracting descriptors from class: 11, video: 050_00247... 44.1335 seconds
Extracting descriptors from class: 11, video: 050_00249... 48.2939 seconds
Extracting descriptors from class: 11, video: 055_00275... 49.5451 seconds
Extracting descriptors from class: 11, video: 053_00261... 45.2903 seconds
Extracting descriptors from class: 11, video: 050_00251... 51.3870 seconds
Extracting descriptors from class: 11, video: 052_00259... 60.7447 seconds
Extracting descriptors from class: 11, video: 052_00258... 59.7094 seconds
Extracting descriptors from class: 14, video: 054_00298... 42.4036 seconds
Extracting descriptors from class: 14, video: 055_00304... 43.4954 seconds
Extracting descriptors from class: 14, video: 055_00306... 51.8218 seconds
Extracting descriptors from class: 14, video: 052_00286... 53.9872 seconds
Extracting descriptors from class: 14, video: 050_00278... 55.3785 seconds
Extracting descriptors from class: 14, video: 050_00279... 58.3132 seconds
Extracting descriptors from class: 14, video: 052_00289... 62.1568 seconds
Extracting descriptors from class: 14, video: 055_00307... 63.5412 seconds
Extracting descriptors from class: 14, video: 054_00301... 64.4289 seconds
Extracting descriptors from class: 14, video: 053_00292... 65.3006 seconds
Extracting descriptors from class: 14, video: 052_00288... 65.8958 seconds
Extracting descriptors from class: 14, video: 050_00282... 67.6344 seconds
Extracting descriptors from class: 14, video: 053_00293... 68.8241 seconds
Extracting descriptors from class: 14, video: 053_00297... 69.7694 seconds
Extracting descriptors from class: 14, video: 053_00294... 70.2843 seconds
Extracting descriptors from class: 14, video: 051_00283... 70.4155 seconds
Extracting descriptors from class: 14, video: 054_00303... 71.4646 seconds
Extracting descriptors from class: 14, video: 051_00285... 77.6436 seconds
Extracting descriptors from class: 14, video: 050_00281... 78.2561 seconds
Extracting descriptors from class: 14, video: 055_00308... 79.2479 seconds
Extracting descriptors from class: 14, video: 055_00305... 41.6672 seconds
Extracting descriptors from class: 14, video: 052_00290... 30.9038 seconds
Extracting descriptors from class: 14, video: 054_00299... 34.5680 seconds
Extracting descriptors from class: 14, video: 054_00300... 46.2035 seconds
Extracting descriptors from class: 14, video: 050_00277... 33.6264 seconds
Extracting descriptors from class: 14, video: 054_00302... 59.0951 seconds
Extracting descriptors from class: 14, video: 053_00291... 47.2788 seconds
Extracting descriptors from class: 14, video: 053_00295... 58.6743 seconds
Extracting descriptors from class: 14, video: 052_00287... 48.9853 seconds
Extracting descriptors from class: 14, video: 050_00280... 51.6820 seconds
Extracting descriptors from class: 14, video: 051_00284... 66.1082 seconds
Extracting descriptors from class: 14, video: 053_00296... 60.1582 seconds
Extracting descriptors from class: 5, video: 052_00322... 33.5973 seconds
Extracting descriptors from class: 5, video: 055_00336... 50.1883 seconds
Extracting descriptors from class: 5, video: 052_00318... 51.6910 seconds
Extracting descriptors from class: 5, video: 055_00338... 52.7323 seconds
Extracting descriptors from class: 5, video: 055_00339... 53.7609 seconds
Extracting descriptors from class: 5, video: 050_00310... 54.9862 seconds
Extracting descriptors from class: 5, video: 054_00332... 55.2886 seconds
Extracting descriptors from class: 5, video: 052_00319... 56.3773 seconds
Extracting descriptors from class: 5, video: 054_00331... 59.9204 seconds
Extracting descriptors from class: 5, video: 054_00334... 62.4594 seconds
Extracting descriptors from class: 5, video: 053_00325... 62.7740 seconds
Extracting descriptors from class: 5, video: 051_00316... 65.7464 seconds
Extracting descriptors from class: 5, video: 051_00315... 67.0130 seconds
Extracting descriptors from class: 5, video: 051_00317... 68.8731 seconds
Extracting descriptors from class: 5, video: 050_00312... 70.0706 seconds
Extracting descriptors from class: 5, video: 053_00327... 70.9660 seconds
Extracting descriptors from class: 5, video: 052_00321... 72.2953 seconds
Extracting descriptors from class: 5, video: 054_00333... 72.4344 seconds
Extracting descriptors from class: 5, video: 050_00314... 77.3803 seconds
Extracting descriptors from class: 5, video: 054_00330... 45.8866 seconds
Extracting descriptors from class: 5, video: 054_00335... 79.7723 seconds
Extracting descriptors from class: 5, video: 055_00337... 46.5969 seconds
Extracting descriptors from class: 5, video: 050_00311... 55.4487 seconds
Extracting descriptors from class: 5, video: 050_00309... 54.6242 seconds
Extracting descriptors from class: 5, video: 053_00328... 57.3504 seconds
Extracting descriptors from class: 5, video: 053_00326... 59.1821 seconds
Extracting descriptors from class: 5, video: 053_00324... 54.1269 seconds
Extracting descriptors from class: 5, video: 053_00323... 51.9323 seconds
Extracting descriptors from class: 5, video: 053_00329... 59.2740 seconds
Extracting descriptors from class: 5, video: 050_00313... 61.5923 seconds
Extracting descriptors from class: 5, video: 052_00320... 59.3420 seconds
Extracting descriptors from class: 2, video: 054_00359... 26.3596 seconds
Extracting descriptors from class: 2, video: 054_00361... 42.6222 seconds
Extracting descriptors from class: 2, video: 055_00367... 44.0064 seconds
Extracting descriptors from class: 2, video: 055_00366... 44.5688 seconds
Extracting descriptors from class: 2, video: 052_00348... 45.5874 seconds
Extracting descriptors from class: 2, video: 054_00364... 47.1023 seconds
Extracting descriptors from class: 2, video: 050_00341... 47.3050 seconds
Extracting descriptors from class: 2, video: 053_00353... 47.5302 seconds
Extracting descriptors from class: 2, video: 054_00362... 49.5509 seconds
Extracting descriptors from class: 2, video: 054_00363... 51.0069 seconds
Extracting descriptors from class: 2, video: 053_00354... 51.6884 seconds
Extracting descriptors from class: 2, video: 055_00369... 52.1706 seconds
Extracting descriptors from class: 2, video: 052_00349... 53.5127 seconds
Extracting descriptors from class: 2, video: 050_00343... 54.2769 seconds
Extracting descriptors from class: 2, video: 053_00355... 58.5603 seconds
Extracting descriptors from class: 2, video: 050_00345... 59.3970 seconds
Extracting descriptors from class: 2, video: 052_00350... 61.5488 seconds
Extracting descriptors from class: 2, video: 052_00352... 61.6474 seconds
Extracting descriptors from class: 2, video: 053_00356... 66.4552 seconds
Extracting descriptors from class: 2, video: 052_00351... 70.7494 seconds
Extracting descriptors from class: 2, video: 050_00342... 47.0171 seconds
Extracting descriptors from class: 2, video: 050_00340... 36.1374 seconds
Extracting descriptors from class: 2, video: 055_00368... 41.0617 seconds
Extracting descriptors from class: 2, video: 054_00360... 35.0468 seconds
Extracting descriptors from class: 2, video: 051_00346... 46.2700 seconds
Extracting descriptors from class: 2, video: 050_00344... 47.3319 seconds
Extracting descriptors from class: 2, video: 054_00365... 48.2396 seconds
Extracting descriptors from class: 2, video: 053_00358... 59.7212 seconds
Extracting descriptors from class: 2, video: 051_00347... 58.0947 seconds
Extracting descriptors from class: 2, video: 053_00357... 60.6394 seconds
Extracting descriptors from class: 3, video: 055_00397... 55.9924 seconds
Extracting descriptors from class: 3, video: 054_00390... 56.2800 seconds
Extracting descriptors from class: 3, video: 055_00396... 56.3188 seconds
Extracting descriptors from class: 3, video: 054_00393... 56.8346 seconds
Extracting descriptors from class: 3, video: 054_00392... 58.8090 seconds
Extracting descriptors from class: 3, video: 053_00384... 59.8694 seconds
Extracting descriptors from class: 3, video: 054_00391... 60.8443 seconds
Extracting descriptors from class: 3, video: 054_00394... 61.0935 seconds
Extracting descriptors from class: 3, video: 055_00398... 67.8457 seconds
Extracting descriptors from class: 3, video: 050_00370... 68.7278 seconds
Extracting descriptors from class: 3, video: 050_00374... 73.0999 seconds
Extracting descriptors from class: 3, video: 055_00399... 73.7271 seconds
Extracting descriptors from class: 3, video: 051_00376... 75.2038 seconds
Extracting descriptors from class: 3, video: 054_00395... 77.0318 seconds
Extracting descriptors from class: 3, video: 052_00379... 81.5161 seconds
Extracting descriptors from class: 3, video: 052_00380... 81.6896 seconds
Extracting descriptors from class: 3, video: 052_00382... 82.8400 seconds
Extracting descriptors from class: 3, video: 053_00387... 84.7600 seconds
Extracting descriptors from class: 3, video: 050_00375... 87.2764 seconds
Extracting descriptors from class: 3, video: 053_00389... 88.1215 seconds
Extracting descriptors from class: 3, video: 050_00371... 48.2809 seconds
Extracting descriptors from class: 3, video: 053_00385... 51.4360 seconds
Extracting descriptors from class: 3, video: 052_00378... 57.2771 seconds
Extracting descriptors from class: 3, video: 053_00383... 58.1532 seconds
Extracting descriptors from class: 3, video: 050_00372... 58.1928 seconds
Extracting descriptors from class: 3, video: 050_00373... 62.8476 seconds
Extracting descriptors from class: 3, video: 053_00386... 61.1019 seconds
Extracting descriptors from class: 3, video: 053_00388... 58.1807 seconds
Extracting descriptors from class: 3, video: 052_00381... 73.7699 seconds
Extracting descriptors from class: 3, video: 051_00377... 68.2758 seconds
Extracting descriptors from class: 8, video: 053_00211... 46.8680 seconds
Extracting descriptors from class: 8, video: 052_00192... 50.8549 seconds
Extracting descriptors from class: 8, video: 054_00218... 54.3726 seconds
Extracting descriptors from class: 8, video: 055_00237... 55.1746 seconds
Extracting descriptors from class: 8, video: 054_00222... 57.1574 seconds
Extracting descriptors from class: 8, video: 053_00216... 57.6354 seconds
Extracting descriptors from class: 8, video: 053_00210... 59.0208 seconds
Extracting descriptors from class: 8, video: 052_00195... 60.2069 seconds
Extracting descriptors from class: 8, video: 053_00203... 62.3052 seconds
Extracting descriptors from class: 8, video: 053_00205... 63.6067 seconds
Extracting descriptors from class: 8, video: 053_00200... 65.9351 seconds
Extracting descriptors from class: 8, video: 050_00176... 69.2646 seconds
Extracting descriptors from class: 8, video: 054_00230... 69.3714 seconds
Extracting descriptors from class: 8, video: 052_00181... 70.1623 seconds
Extracting descriptors from class: 8, video: 052_00180... 72.8277 seconds
Extracting descriptors from class: 8, video: 054_00221... 77.6767 seconds
Extracting descriptors from class: 8, video: 053_00208... 79.4858 seconds
Extracting descriptors from class: 8, video: 053_00201... 80.1953 seconds
Extracting descriptors from class: 8, video: 052_00183... 84.4979 seconds
Extracting descriptors from class: 8, video: 052_00188... 86.3356 seconds
Extracting descriptors from class: 8, video: 052_00194... 59.0913 seconds
Extracting descriptors from class: 8, video: 053_00198... 51.6336 seconds
Extracting descriptors from class: 8, video: 052_00196... 53.9382 seconds
Extracting descriptors from class: 8, video: 050_00169... 59.9215 seconds
Extracting descriptors from class: 8, video: 054_00235... 41.9467 seconds
Extracting descriptors from class: 8, video: 050_00175... 60.2413 seconds
Extracting descriptors from class: 8, video: 050_00167... 63.7221 seconds
Extracting descriptors from class: 8, video: 055_00242... 57.8741 seconds
Extracting descriptors from class: 8, video: 050_00174... 70.9646 seconds
Extracting descriptors from class: 8, video: 053_00215... 72.4053 seconds
Extracting descriptors from class: 8, video: 054_00220... 70.3776 seconds
Extracting descriptors from class: 8, video: 054_00227... 58.1850 seconds
Extracting descriptors from class: 8, video: 054_00228... 75.9461 seconds
Extracting descriptors from class: 8, video: 052_00186... 74.5165 seconds
Extracting descriptors from class: 8, video: 052_00184... 68.2561 seconds
Extracting descriptors from class: 8, video: 053_00207... 63.5981 seconds
Extracting descriptors from class: 8, video: 053_00202... 73.7521 seconds
Extracting descriptors from class: 8, video: 055_00239... 56.7328 seconds
Extracting descriptors from class: 8, video: 055_00238... 64.0898 seconds
Extracting descriptors from class: 8, video: 054_00236... 48.2068 seconds
Extracting descriptors from class: 8, video: 055_00240... 58.8090 seconds
Extracting descriptors from class: 8, video: 053_00214... 84.1812 seconds
Extracting descriptors from class: 8, video: 053_00217... 67.4566 seconds
Extracting descriptors from class: 8, video: 053_00199... 63.9942 seconds
Extracting descriptors from class: 8, video: 053_00204... 72.3929 seconds
Extracting descriptors from class: 8, video: 050_00178... 53.5350 seconds
Extracting descriptors from class: 8, video: 050_00170... 62.2593 seconds
Extracting descriptors from class: 8, video: 050_00173... 45.6404 seconds
Extracting descriptors from class: 8, video: 052_00193... 48.3516 seconds
Extracting descriptors from class: 8, video: 054_00232... 50.2476 seconds
Extracting descriptors from class: 8, video: 052_00189... 57.8057 seconds
Extracting descriptors from class: 8, video: 054_00224... 55.4951 seconds
Extracting descriptors from class: 8, video: 053_00197... 67.0834 seconds
Extracting descriptors from class: 8, video: 054_00226... 58.7626 seconds
Extracting descriptors from class: 8, video: 053_00213... 81.3707 seconds
Extracting descriptors from class: 8, video: 054_00223... 61.6759 seconds
Extracting descriptors from class: 8, video: 050_00168... 61.2072 seconds
Extracting descriptors from class: 8, video: 053_00212... 80.2629 seconds
Extracting descriptors from class: 8, video: 053_00206... 74.0763 seconds
Extracting descriptors from class: 8, video: 054_00225... 43.6474 seconds
Extracting descriptors from class: 8, video: 054_00233... 48.4943 seconds
Extracting descriptors from class: 8, video: 052_00191... 61.1265 seconds
Extracting descriptors from class: 8, video: 054_00231... 43.8958 seconds
Extracting descriptors from class: 8, video: 050_00177... 58.4899 seconds
Extracting descriptors from class: 8, video: 052_00179... 56.7438 seconds
Extracting descriptors from class: 8, video: 052_00187... 63.6699 seconds
Extracting descriptors from class: 8, video: 054_00219... 71.7152 seconds
Extracting descriptors from class: 8, video: 054_00229... 52.9486 seconds
Extracting descriptors from class: 8, video: 054_00234... 63.6654 seconds
Extracting descriptors from class: 8, video: 055_00244... 66.7266 seconds
Extracting descriptors from class: 8, video: 050_00171... 56.0941 seconds
Extracting descriptors from class: 8, video: 053_00209... 61.9814 seconds
Extracting descriptors from class: 8, video: 055_00245... 64.9022 seconds
Extracting descriptors from class: 8, video: 055_00241... 54.9278 seconds
Extracting descriptors from class: 8, video: 055_00243... 55.7191 seconds
Extracting descriptors from class: 8, video: 052_00190... 54.6711 seconds
Extracting descriptors from class: 8, video: 052_00182... 75.7887 seconds
Extracting descriptors from class: 8, video: 050_00172... 55.4036 seconds
Extracting descriptors from class: 8, video: 052_00185... 66.7600 seconds
Extracting descriptors from class: 12, video: 054_00126... 42.7508 seconds
Extracting descriptors from class: 12, video: 054_00118... 43.2035 seconds
Extracting descriptors from class: 12, video: 052_00092... 44.0377 seconds
Extracting descriptors from class: 12, video: 054_00125... 45.3470 seconds
Extracting descriptors from class: 12, video: 053_00094... 46.3258 seconds
Extracting descriptors from class: 12, video: 050_00064... 49.7372 seconds
Extracting descriptors from class: 12, video: 054_00131... 51.6941 seconds
Extracting descriptors from class: 12, video: 053_00102... 53.2872 seconds
Extracting descriptors from class: 12, video: 055_00137... 55.3395 seconds
Extracting descriptors from class: 12, video: 055_00135... 56.0699 seconds
Extracting descriptors from class: 12, video: 050_00069... 57.1526 seconds
Extracting descriptors from class: 12, video: 050_00071... 58.4367 seconds
Extracting descriptors from class: 12, video: 054_00129... 58.5712 seconds
Extracting descriptors from class: 12, video: 053_00113... 58.8365 seconds
Extracting descriptors from class: 12, video: 053_00109... 59.0861 seconds
Extracting descriptors from class: 12, video: 050_00074... 59.5383 seconds
Extracting descriptors from class: 12, video: 053_00112... 64.3904 seconds
Extracting descriptors from class: 12, video: 050_00073... 67.2388 seconds
Extracting descriptors from class: 12, video: 054_00123... 74.7575 seconds
Extracting descriptors from class: 12, video: 053_00099... 78.1878 seconds
Extracting descriptors from class: 12, video: 053_00093... 39.9024 seconds
Extracting descriptors from class: 12, video: 052_00082... 49.4622 seconds
Extracting descriptors from class: 12, video: 054_00120... 42.0328 seconds
Extracting descriptors from class: 12, video: 054_00127... 40.9426 seconds
Extracting descriptors from class: 12, video: 054_00117... 47.6314 seconds
Extracting descriptors from class: 12, video: 054_00128... 63.6665 seconds
Extracting descriptors from class: 12, video: 053_00104... 67.6343 seconds
Extracting descriptors from class: 12, video: 054_00124... 51.8042 seconds
Extracting descriptors from class: 12, video: 052_00081... 67.8561 seconds
Extracting descriptors from class: 12, video: 052_00091... 46.7940 seconds
Extracting descriptors from class: 12, video: 053_00103... 57.4906 seconds
Extracting descriptors from class: 12, video: 052_00086... 39.9891 seconds
Extracting descriptors from class: 12, video: 053_00106... 57.2874 seconds
Extracting descriptors from class: 12, video: 055_00138... 59.7103 seconds
Extracting descriptors from class: 12, video: 050_00063... 57.0256 seconds
Extracting descriptors from class: 12, video: 053_00095... 67.5012 seconds
Extracting descriptors from class: 12, video: 053_00108... 67.0650 seconds
Extracting descriptors from class: 12, video: 053_00107... 55.5302 seconds
Extracting descriptors from class: 12, video: 052_00077... 79.2223 seconds
Extracting descriptors from class: 12, video: 050_00067... 50.1982 seconds
Extracting descriptors from class: 12, video: 055_00132... 45.3771 seconds
Extracting descriptors from class: 12, video: 054_00119... 41.8169 seconds
Extracting descriptors from class: 12, video: 052_00089... 56.6035 seconds
Extracting descriptors from class: 12, video: 052_00084... 59.7594 seconds
Extracting descriptors from class: 12, video: 054_00121... 38.4562 seconds
Extracting descriptors from class: 12, video: 052_00087... 42.8844 seconds
Extracting descriptors from class: 12, video: 054_00130... 45.8076 seconds
Extracting descriptors from class: 12, video: 055_00139... 61.5159 seconds
Extracting descriptors from class: 12, video: 050_00065... 46.1523 seconds
Extracting descriptors from class: 12, video: 055_00136... 51.9847 seconds
Extracting descriptors from class: 12, video: 052_00075... 54.2223 seconds
Extracting descriptors from class: 12, video: 053_00097... 53.9618 seconds
Extracting descriptors from class: 12, video: 052_00080... 58.6492 seconds
Extracting descriptors from class: 12, video: 053_00096... 54.7901 seconds
Extracting descriptors from class: 12, video: 055_00140... 64.7746 seconds
Extracting descriptors from class: 12, video: 052_00076... 69.4927 seconds
Extracting descriptors from class: 12, video: 050_00066... 65.9650 seconds
Extracting descriptors from class: 12, video: 053_00111... 64.2180 seconds
Extracting descriptors from class: 12, video: 054_00115... 55.3749 seconds
Extracting descriptors from class: 12, video: 050_00068... 67.1300 seconds
Extracting descriptors from class: 12, video: 054_00114... 34.6556 seconds
Extracting descriptors from class: 12, video: 052_00083... 48.6313 seconds
Extracting descriptors from class: 12, video: 054_00122... 42.5639 seconds
Extracting descriptors from class: 12, video: 053_00098... 55.7787 seconds
Extracting descriptors from class: 12, video: 050_00072... 66.0867 seconds
Extracting descriptors from class: 12, video: 052_00079... 54.1178 seconds
Extracting descriptors from class: 12, video: 054_00116... 48.4996 seconds
Extracting descriptors from class: 12, video: 053_00101... 47.7208 seconds
Extracting descriptors from class: 12, video: 055_00134... 45.2024 seconds
Extracting descriptors from class: 12, video: 050_00070... 41.6848 seconds
Extracting descriptors from class: 12, video: 052_00088... 39.2169 seconds
Extracting descriptors from class: 12, video: 052_00090... 48.9299 seconds
Extracting descriptors from class: 12, video: 055_00133... 50.9729 seconds
Extracting descriptors from class: 12, video: 053_00105... 49.7367 seconds
Extracting descriptors from class: 12, video: 053_00100... 49.6617 seconds
Extracting descriptors from class: 12, video: 053_00110... 54.4082 seconds
Extracting descriptors from class: 12, video: 052_00078... 65.4075 seconds
Extracting descriptors from class: 12, video: 052_00085... 48.5374 seconds
Extracting descriptors from class: 1, video: 054_00054... 43.6399 seconds
Extracting descriptors from class: 1, video: 052_00045... 45.8552 seconds
Extracting descriptors from class: 1, video: 053_00047... 46.4258 seconds
Extracting descriptors from class: 1, video: 050_00036... 46.5418 seconds
Extracting descriptors from class: 1, video: 053_00048... 48.3980 seconds
Extracting descriptors from class: 1, video: 052_00044... 48.4239 seconds
Extracting descriptors from class: 1, video: 050_00037... 48.4402 seconds
Extracting descriptors from class: 1, video: 053_00049... 48.6343 seconds
Extracting descriptors from class: 1, video: 054_00055... 49.5412 seconds
Extracting descriptors from class: 1, video: 054_00056... 49.6198 seconds
Extracting descriptors from class: 1, video: 053_00051... 51.5212 seconds
Extracting descriptors from class: 1, video: 055_00060... 52.2069 seconds
Extracting descriptors from class: 1, video: 055_00061... 55.4736 seconds
Extracting descriptors from class: 1, video: 053_00050... 56.0415 seconds
Extracting descriptors from class: 1, video: 052_00040... 56.6152 seconds
Extracting descriptors from class: 1, video: 054_00059... 58.8692 seconds
Extracting descriptors from class: 1, video: 053_00046... 60.7856 seconds
Extracting descriptors from class: 1, video: 054_00058... 61.0159 seconds
Extracting descriptors from class: 1, video: 053_00052... 64.0345 seconds
Extracting descriptors from class: 1, video: 052_00042... 68.7744 seconds
Extracting descriptors from class: 1, video: 054_00053... 27.9425 seconds
Extracting descriptors from class: 1, video: 052_00043... 39.0810 seconds
Extracting descriptors from class: 1, video: 054_00057... 43.4614 seconds
Extracting descriptors from class: 1, video: 052_00041... 46.1321 seconds
Extracting descriptors from class: 1, video: 050_00038... 47.0528 seconds
Extracting descriptors from class: 1, video: 050_00039... 52.2893 seconds
Extracting descriptors from class: 1, video: 055_00062... 49.7336 seconds
Extracting descriptors from class: 7, video: 055_00032... 52.0191 seconds
Extracting descriptors from class: 7, video: 050_00002... 52.9059 seconds
Extracting descriptors from class: 7, video: 052_00015... 53.7271 seconds
Extracting descriptors from class: 7, video: 052_00018... 55.4386 seconds
Extracting descriptors from class: 7, video: 052_00017... 56.6800 seconds
Extracting descriptors from class: 7, video: 050_00003... 58.1319 seconds
Extracting descriptors from class: 7, video: 053_00020... 58.9773 seconds
Extracting descriptors from class: 7, video: 051_00009... 60.1798 seconds
Extracting descriptors from class: 7, video: 054_00027... 60.6305 seconds
Extracting descriptors from class: 7, video: 052_00016... 61.7020 seconds
Extracting descriptors from class: 7, video: 051_00010... 62.0857 seconds
Extracting descriptors from class: 7, video: 050_00006... 62.8241 seconds
Extracting descriptors from class: 7, video: 050_00004... 63.1828 seconds
Extracting descriptors from class: 7, video: 051_00013... 63.3577 seconds
Extracting descriptors from class: 7, video: 053_00021... 63.4762 seconds
Extracting descriptors from class: 7, video: 054_00028... 65.5059 seconds
Extracting descriptors from class: 7, video: 054_00029... 66.0150 seconds
Extracting descriptors from class: 7, video: 053_00023... 73.5253 seconds
Extracting descriptors from class: 7, video: 054_00031... 76.4583 seconds
Extracting descriptors from class: 7, video: 053_00025... 79.7091 seconds
Extracting descriptors from class: 7, video: 052_00014... 48.4264 seconds
Extracting descriptors from class: 7, video: 054_00026... 48.7304 seconds
Extracting descriptors from class: 7, video: 051_00011... 56.3279 seconds
Extracting descriptors from class: 7, video: 055_00033... 45.5506 seconds
Extracting descriptors from class: 7, video: 051_00008... 49.2054 seconds
Extracting descriptors from class: 7, video: 050_00001... 49.9602 seconds
Extracting descriptors from class: 7, video: 050_00007... 57.1872 seconds
Extracting descriptors from class: 7, video: 055_00034... 52.1215 seconds
Extracting descriptors from class: 7, video: 055_00035... 51.6147 seconds
Extracting descriptors from class: 7, video: 051_00012... 59.5487 seconds
Extracting descriptors from class: 7, video: 053_00024... 64.7849 seconds
Extracting descriptors from class: 7, video: 052_00019... 60.6873 seconds
Extracting descriptors from class: 7, video: 050_00005... 59.7664 seconds
Extracting descriptors from class: 7, video: 054_00030... 58.6872 seconds
Extracting descriptors from class: 7, video: 053_00022... 61.6978 seconds
Finished...
