'data_path': /raid/users/oozdemir/data/BosphorusSign/General_fhd
'desc_path': /raid/users/oozdemir/data/BosphorusSign/General_fhd
'training_split_path': /raid/users/oozdemir/code/tm-shd-slr/data/splits/general/train.txt
'test_split_path': /raid/users/oozdemir/code/tm-shd-slr/data/splits/general/test.txt
'class_ind_path': /raid/users/oozdemir/code/tm-shd-slr/data/splits/general/class_indices.txt
'experiment_path': /raid/users/oozdemir/code/tm-shd-slr/experiments_2/fhd_general
'key_frames': None
'temporal_stride': None
'num_clusters': 32
'normalized': False
'crop_size': 80
'nbins': 8
'ncell': 40
'nblock': 2
'resize': False
/raid/users/oozdemir/code/tm-shd-slr/experiments_2/fhd_general/fhd_cp80_nc40_nbl2_nbin8/train_fhd_dict files are exists, skipping ...
PCA and GMM models are not exists for hog, generating... 90.4636 seconds
Generating Training Fisher Vectors for hog... 2.4782 seconds
/raid/users/oozdemir/code/tm-shd-slr/experiments_2/fhd_general/fhd_cp80_nc40_nbl2_nbin8/test_fhd_dict files are exists, skipping ...
Generating Test Fisher Vectors for hog... 0.4824 seconds
/raid/users/oozdemir/code/tm-shd-slr/experiments_2/fhd_general/fhd_cp80_nc40_nbl2_nbin8/train_fhd_dict files are exists, skipping ...
PCA and GMM models are not exists for hof, generating... 202.3429 seconds
Generating Training Fisher Vectors for hof... 3.3051 seconds
/raid/users/oozdemir/code/tm-shd-slr/experiments_2/fhd_general/fhd_cp80_nc40_nbl2_nbin8/test_fhd_dict files are exists, skipping ...
Generating Test Fisher Vectors for hof... 0.5210 seconds
/raid/users/oozdemir/code/tm-shd-slr/experiments_2/fhd_general/fhd_cp80_nc40_nbl2_nbin8/train_fhd_dict files are exists, skipping ...
PCA and GMM models are not exists for mbh, generating... 62.6410 seconds
Generating Training Fisher Vectors for mbh... 5.6997 seconds
/raid/users/oozdemir/code/tm-shd-slr/experiments_2/fhd_general/fhd_cp80_nc40_nbl2_nbin8/test_fhd_dict files are exists, skipping ...
Generating Test Fisher Vectors for mbh... 1.0464 seconds
Finished...
